2023-07-25 02:52:17.891 -03:00 [INF] User registered successfully: Osias
2023-07-25 02:53:23.168 -03:00 [ERR] User registration failed for asda: ["Passwords must have at least one non alphanumeric character.","Passwords must have at least one digit ('0'-'9').","Passwords must have at least one uppercase ('A'-'Z')."]
2023-07-25 02:54:03.729 -03:00 [INF] User registered successfully: asda
2023-07-25 02:59:59.905 -03:00 [INF] Login succesful.
2023-07-25 03:01:38.467 -03:00 [INF] Login succesful.
2023-07-25 03:05:17.015 -03:00 [INF] Login succesful.
2023-07-25 03:06:44.787 -03:00 [WRN] Login failed for user: Greg
2023-07-25 03:07:01.265 -03:00 [INF] Login succesful.
2023-07-25 03:07:34.289 -03:00 [INF] Login succesful.
2023-07-25 03:15:01.044 -03:00 [WRN] Login failed for user: Greg
2023-07-25 03:17:39.926 -03:00 [WRN] Login failed for user: Greg
2023-07-25 03:17:56.282 -03:00 [WRN] Login failed for user: Greg
2023-07-25 03:19:56.824 -03:00 [WRN] Login failed for user: Greg
2023-07-25 03:20:04.532 -03:00 [WRN] Login failed for user: Greg
2023-07-25 03:20:43.950 -03:00 [WRN] Login failed for user: Greg
2023-07-25 03:22:46.546 -03:00 [WRN] Login failed for user: Hermes
2023-07-25 03:24:25.896 -03:00 [INF] User registered successfully: Eu
2023-07-25 03:27:11.212 -03:00 [INF] Login successful for user: Greg
2023-07-25 03:29:26.777 -03:00 [WRN] Login failed for user: Greg
2023-07-25 03:29:29.324 -03:00 [WRN] Login failed for user: Greg
2023-07-25 03:29:33.840 -03:00 [INF] Login successful for user: Greg
2023-07-25 03:36:40.037 -03:00 [INF] Login successful for user: Greg
2023-07-25 03:40:22.838 -03:00 [INF] Login successful for user: Greg
2023-07-25 03:42:02.651 -03:00 [INF] Login successful for user: Greg
2023-07-25 03:52:57.058 -03:00 [INF] Login successful for user: Greg
2023-07-25 03:55:21.799 -03:00 [INF] Login successful for user: Greg
2023-07-25 03:55:50.410 -03:00 [INF] Login successful for user: Eu
2023-07-25 04:01:58.518 -03:00 [INF] Login successful for user: Greg
2023-07-25 04:02:42.630 -03:00 [INF] Logout. Logout
2023-07-25 04:03:09.299 -03:00 [INF] Successful logout
2023-07-25 04:03:10.480 -03:00 [INF] Successful logout
2023-07-25 04:03:18.533 -03:00 [INF] Successful logout
2023-07-25 16:17:48.699 -03:00 [INF] Login successful for user: Greg
2023-07-25 16:22:47.529 -03:00 [INF] Login successful for user: Greg
2023-07-25 16:23:54.245 -03:00 [INF] Login successful for user: Greg
2023-07-25 16:24:34.753 -03:00 [INF] Login successful for user: Greg
2023-07-25 16:25:49.400 -03:00 [INF] Login successful for user: Greg
2023-07-25 16:26:35.268 -03:00 [INF] Login successful for user: Greg
2023-07-25 16:35:24.341 -03:00 [INF] Login successful for user: Greg
2023-07-25 16:35:36.029 -03:00 [WRN] Login failed for user: Hermes
2023-07-25 16:36:05.377 -03:00 [INF] Successful logout
2023-07-25 16:43:39.098 -03:00 [INF] Login successful for user: Greg
2023-07-25 16:46:09.050 -03:00 [INF] Successful logout
2023-07-25 16:47:29.445 -03:00 [INF] Successful logout
2023-07-25 16:47:30.280 -03:00 [INF] Successful logout
2023-07-25 16:52:38.245 -03:00 [INF] Successful logout
2023-07-26 01:03:15.010 -03:00 [INF] Successful logout
2023-07-26 01:03:20.466 -03:00 [INF] Login successful for user: Greg
2023-07-26 05:12:01.380 -03:00 [WRN] Null userId
2023-07-26 05:13:20.130 -03:00 [WRN] Null userId
2023-07-26 05:14:49.601 -03:00 [WRN] Null userId
2023-07-26 17:40:51.458 -03:00 [INF] Successful logout
2023-07-26 17:41:00.998 -03:00 [INF] Login successful for user: Greg
2023-07-26 19:56:59.930 -03:00 [WRN] Model invalid
2023-07-26 19:59:58.943 -03:00 [WRN] Model invalid
2023-07-26 20:04:29.279 -03:00 [WRN] Model invalid
2023-07-28 20:09:08.106 -03:00 [INF] Successful logout
2023-07-28 20:09:09.008 -03:00 [INF] Successful logout
2023-07-28 20:30:16.964 -03:00 [WRN] Login failed for user: Greg
2023-07-28 20:30:23.723 -03:00 [INF] Login successful for user: Greg
2023-07-28 20:30:34.979 -03:00 [INF] Successful logout
2023-07-28 20:30:36.528 -03:00 [INF] Successful logout
2023-07-28 20:34:20.543 -03:00 [INF] Successful logout
2023-07-28 20:41:38.368 -03:00 [INF] Successful logout
2023-07-28 20:41:39.592 -03:00 [INF] Successful logout
2023-07-28 20:42:02.533 -03:00 [INF] Login successful for user: Greg
2023-07-28 20:42:10.233 -03:00 [INF] Successful logout
2023-07-28 20:42:17.745 -03:00 [INF] Login successful for user: Greg
2023-07-28 21:16:56.002 -03:00 [WRN] Model invalid
2023-07-28 21:18:12.666 -03:00 [WRN] Model invalid
2023-07-28 21:38:00.427 -03:00 [WRN] Model invalid
2023-07-29 22:02:09.982 -03:00 [INF] Successful logout
2023-07-29 22:02:19.848 -03:00 [WRN] Login failed for user: Hermes
2023-07-29 22:02:25.098 -03:00 [WRN] Login failed for user: Hermes
2023-07-29 22:02:48.439 -03:00 [INF] User registered successfully: Myuser
